2023-06-22 00:20:47,558 INFO  [Log] Application Opened 
2023-06-22 00:20:48,661 INFO  [Log] login completed 
2023-06-22 00:20:48,989 INFO  [Log] logout completed 
2023-06-22 00:20:50,206 INFO  [Log] Application closed 
2023-06-22 00:20:55,182 INFO  [Log] Application Opened 
2023-06-22 00:20:56,172 INFO  [Log] login completed 
2023-06-22 00:20:56,212 INFO  [Log] enter into frame 
2023-06-22 00:20:58,478 INFO  [Log] Adding new emp 
2023-06-22 00:20:58,493 INFO  [Log] enter from frame 
2023-06-22 00:20:58,920 INFO  [Log] logout completed 
2023-06-22 00:21:00,254 INFO  [Log] Application closed 
2023-06-22 00:22:20,269 INFO  [Log] Application Opened 
2023-06-22 00:22:21,757 INFO  [Log] login completed 
2023-06-22 00:22:22,092 INFO  [Log] logout completed 
2023-06-22 00:22:23,399 INFO  [Log] Application closed 
2023-06-22 00:22:28,423 INFO  [Log] Application Opened 
2023-06-22 00:22:29,503 INFO  [Log] login completed 
2023-06-22 00:22:29,607 INFO  [Log] enter into frame 
2023-06-22 00:22:31,545 INFO  [Log] Adding new emp 
2023-06-22 00:22:31,559 INFO  [Log] enter from frame 
2023-06-22 00:22:32,029 INFO  [Log] logout completed 
2023-06-22 00:22:33,303 INFO  [Log] Application closed 
